<?xml version="1.0" encoding="UTF-8"?>
<!-- Generated by org.testng.reporters.JUnitReportReporter -->
<testsuite skipped="0" hostname="mahi-PC" name="com.restfulbooker.apitest.businessLogics.APITest" tests="1" failures="0" timestamp="2023-07-06T20:41:06 IST" time="13.101" errors="0">
  <testcase name="createUser" time="13.101" classname="com.restfulbooker.apitest.businessLogics.APITest"/>
  <system-out/>
</testsuite> <!-- com.restfulbooker.apitest.businessLogics.APITest -->
