<?xml version="1.0" encoding="UTF-8"?>
<!-- Generated by org.testng.reporters.JUnitReportReporter -->
<testsuite skipped="0" hostname="mahi-PC" name="com.restfulbooker.apitest.businessLogics.LoginTest" tests="1" failures="0" timestamp="2023-07-06T19:46:12 IST" time="7.312" errors="0">
  <testcase name="createUser" time="7.312" classname="com.restfulbooker.apitest.businessLogics.LoginTest"/>
  <system-out/>
</testsuite> <!-- com.restfulbooker.apitest.businessLogics.LoginTest -->
